{"/Users/r1/claude-projects/dolar-mcp/src/actions.ts": {"path":"/Users/r1/claude-projects/dolar-mcp/src/actions.ts","all":false,"statementMap":{"0":{"start":{"line":1,"column":0},"end":{"line":1,"column":45}},"1":{"start":{"line":2,"column":0},"end":{"line":2,"column":103}},"2":{"start":{"line":3,"column":0},"end":{"line":3,"column":0}},"3":{"start":{"line":4,"column":0},"end":{"line":4,"column":22}},"4":{"start":{"line":5,"column":0},"end":{"line":5,"column":17}},"5":{"start":{"line":6,"column":0},"end":{"line":6,"column":15}},"6":{"start":{"line":7,"column":0},"end":{"line":7,"column":17}},"7":{"start":{"line":8,"column":0},"end":{"line":8,"column":17}},"8":{"start":{"line":9,"column":0},"end":{"line":9,"column":16}},"9":{"start":{"line":10,"column":0},"end":{"line":10,"column":29}},"10":{"start":{"line":11,"column":0},"end":{"line":11,"column":1}},"11":{"start":{"line":12,"column":0},"end":{"line":12,"column":0}},"12":{"start":{"line":13,"column":0},"end":{"line":13,"column":24}},"13":{"start":{"line":14,"column":0},"end":{"line":14,"column":17}},"14":{"start":{"line":15,"column":0},"end":{"line":15,"column":15}},"15":{"start":{"line":16,"column":0},"end":{"line":16,"column":17}},"16":{"start":{"line":17,"column":0},"end":{"line":17,"column":17}},"17":{"start":{"line":18,"column":0},"end":{"line":18,"column":16}},"18":{"start":{"line":19,"column":0},"end":{"line":19,"column":29}},"19":{"start":{"line":20,"column":0},"end":{"line":20,"column":1}},"20":{"start":{"line":21,"column":0},"end":{"line":21,"column":0}},"21":{"start":{"line":22,"column":0},"end":{"line":22,"column":79}},"22":{"start":{"line":23,"column":0},"end":{"line":23,"column":49}},"23":{"start":{"line":24,"column":0},"end":{"line":24,"column":1}},"24":{"start":{"line":25,"column":0},"end":{"line":25,"column":0}},"25":{"start":{"line":26,"column":0},"end":{"line":26,"column":32}},"26":{"start":{"line":27,"column":0},"end":{"line":27,"column":25}},"27":{"start":{"line":28,"column":0},"end":{"line":28,"column":25}},"28":{"start":{"line":29,"column":0},"end":{"line":29,"column":21}},"29":{"start":{"line":30,"column":0},"end":{"line":30,"column":82}},"30":{"start":{"line":31,"column":0},"end":{"line":31,"column":1}},"31":{"start":{"line":32,"column":0},"end":{"line":32,"column":0}},"32":{"start":{"line":33,"column":0},"end":{"line":33,"column":82}},"33":{"start":{"line":34,"column":0},"end":{"line":34,"column":56}},"34":{"start":{"line":35,"column":0},"end":{"line":35,"column":1}},"35":{"start":{"line":36,"column":0},"end":{"line":36,"column":0}},"36":{"start":{"line":37,"column":0},"end":{"line":37,"column":34}},"37":{"start":{"line":38,"column":0},"end":{"line":38,"column":25}},"38":{"start":{"line":39,"column":0},"end":{"line":39,"column":27}},"39":{"start":{"line":40,"column":0},"end":{"line":40,"column":21}},"40":{"start":{"line":41,"column":0},"end":{"line":41,"column":93}},"41":{"start":{"line":42,"column":0},"end":{"line":42,"column":1}},"42":{"start":{"line":43,"column":0},"end":{"line":43,"column":0}},"43":{"start":{"line":44,"column":0},"end":{"line":44,"column":30}},"44":{"start":{"line":45,"column":0},"end":{"line":45,"column":25}},"45":{"start":{"line":46,"column":0},"end":{"line":46,"column":23}},"46":{"start":{"line":47,"column":0},"end":{"line":47,"column":21}},"47":{"start":{"line":48,"column":0},"end":{"line":48,"column":46}},"48":{"start":{"line":49,"column":0},"end":{"line":49,"column":53}},"49":{"start":{"line":50,"column":0},"end":{"line":50,"column":0}},"50":{"start":{"line":51,"column":0},"end":{"line":51,"column":34}},"51":{"start":{"line":52,"column":0},"end":{"line":52,"column":19}},"52":{"start":{"line":53,"column":0},"end":{"line":53,"column":0}},"53":{"start":{"line":54,"column":0},"end":{"line":54,"column":49}},"54":{"start":{"line":55,"column":0},"end":{"line":55,"column":52}},"55":{"start":{"line":56,"column":0},"end":{"line":56,"column":61}},"56":{"start":{"line":57,"column":0},"end":{"line":57,"column":0}},"57":{"start":{"line":58,"column":0},"end":{"line":58,"column":81}},"58":{"start":{"line":59,"column":0},"end":{"line":59,"column":106}},"59":{"start":{"line":60,"column":0},"end":{"line":60,"column":68}},"60":{"start":{"line":61,"column":0},"end":{"line":61,"column":0}},"61":{"start":{"line":62,"column":0},"end":{"line":62,"column":23}},"62":{"start":{"line":63,"column":0},"end":{"line":63,"column":87}},"63":{"start":{"line":64,"column":0},"end":{"line":64,"column":55}},"64":{"start":{"line":65,"column":0},"end":{"line":65,"column":12}},"65":{"start":{"line":66,"column":0},"end":{"line":66,"column":80}},"66":{"start":{"line":67,"column":0},"end":{"line":67,"column":55}},"67":{"start":{"line":68,"column":0},"end":{"line":68,"column":5}},"68":{"start":{"line":69,"column":0},"end":{"line":69,"column":0}},"69":{"start":{"line":70,"column":0},"end":{"line":70,"column":14}},"70":{"start":{"line":71,"column":0},"end":{"line":71,"column":30}},"71":{"start":{"line":72,"column":0},"end":{"line":72,"column":36}},"72":{"start":{"line":73,"column":0},"end":{"line":73,"column":14}},"73":{"start":{"line":74,"column":0},"end":{"line":74,"column":24}},"74":{"start":{"line":75,"column":0},"end":{"line":75,"column":19}},"75":{"start":{"line":76,"column":0},"end":{"line":76,"column":13}},"76":{"start":{"line":77,"column":0},"end":{"line":77,"column":30}},"77":{"start":{"line":78,"column":0},"end":{"line":78,"column":61}},"78":{"start":{"line":79,"column":0},"end":{"line":79,"column":8}},"79":{"start":{"line":80,"column":0},"end":{"line":80,"column":12}},"80":{"start":{"line":81,"column":0},"end":{"line":81,"column":38}},"81":{"start":{"line":82,"column":0},"end":{"line":82,"column":14}},"82":{"start":{"line":83,"column":0},"end":{"line":83,"column":21}},"83":{"start":{"line":84,"column":0},"end":{"line":84,"column":18}},"84":{"start":{"line":85,"column":0},"end":{"line":85,"column":13}},"85":{"start":{"line":86,"column":0},"end":{"line":86,"column":30}},"86":{"start":{"line":87,"column":0},"end":{"line":87,"column":61}},"87":{"start":{"line":88,"column":0},"end":{"line":88,"column":8}},"88":{"start":{"line":89,"column":0},"end":{"line":89,"column":5}},"89":{"start":{"line":90,"column":0},"end":{"line":90,"column":3}},"90":{"start":{"line":91,"column":0},"end":{"line":91,"column":0}},"91":{"start":{"line":92,"column":0},"end":{"line":92,"column":97}},"92":{"start":{"line":93,"column":0},"end":{"line":93,"column":1}},"93":{"start":{"line":94,"column":0},"end":{"line":94,"column":0}},"94":{"start":{"line":95,"column":0},"end":{"line":95,"column":32}},"95":{"start":{"line":96,"column":0},"end":{"line":96,"column":25}},"96":{"start":{"line":97,"column":0},"end":{"line":97,"column":25}},"97":{"start":{"line":98,"column":0},"end":{"line":98,"column":21}},"98":{"start":{"line":99,"column":0},"end":{"line":99,"column":36}},"99":{"start":{"line":100,"column":0},"end":{"line":100,"column":79}},"100":{"start":{"line":101,"column":0},"end":{"line":101,"column":79}},"101":{"start":{"line":102,"column":0},"end":{"line":102,"column":5}},"102":{"start":{"line":103,"column":0},"end":{"line":103,"column":0}},"103":{"start":{"line":104,"column":0},"end":{"line":104,"column":40}},"104":{"start":{"line":105,"column":0},"end":{"line":105,"column":56}},"105":{"start":{"line":106,"column":0},"end":{"line":106,"column":0}},"106":{"start":{"line":107,"column":0},"end":{"line":107,"column":10}},"107":{"start":{"line":108,"column":0},"end":{"line":108,"column":65}},"108":{"start":{"line":109,"column":0},"end":{"line":109,"column":65}},"109":{"start":{"line":110,"column":0},"end":{"line":110,"column":49}},"110":{"start":{"line":111,"column":0},"end":{"line":111,"column":53}},"111":{"start":{"line":112,"column":0},"end":{"line":112,"column":4}},"112":{"start":{"line":113,"column":0},"end":{"line":113,"column":1}}},"s":{"0":1,"1":1,"2":1,"3":1,"4":1,"5":1,"6":1,"7":1,"8":1,"9":1,"10":1,"11":1,"12":1,"13":1,"14":1,"15":1,"16":1,"17":1,"18":1,"19":1,"20":1,"21":4,"22":4,"23":4,"24":1,"25":4,"26":4,"27":4,"28":4,"29":4,"30":4,"31":1,"32":4,"33":4,"34":4,"35":1,"36":4,"37":4,"38":4,"39":4,"40":4,"41":4,"42":1,"43":8,"44":8,"45":8,"46":8,"47":8,"48":8,"49":8,"50":8,"51":8,"52":8,"53":8,"54":7,"55":7,"56":7,"57":7,"58":7,"59":7,"60":7,"61":7,"62":6,"63":6,"64":7,"65":1,"66":1,"67":1,"68":6,"69":6,"70":7,"71":1,"72":1,"73":1,"74":1,"75":1,"76":1,"77":1,"78":1,"79":7,"80":5,"81":5,"82":5,"83":5,"84":5,"85":5,"86":5,"87":5,"88":5,"89":7,"90":1,"91":1,"92":1,"93":1,"94":4,"95":4,"96":4,"97":4,"98":4,"99":4,"100":4,"101":4,"102":3,"103":3,"104":3,"105":3,"106":3,"107":3,"108":3,"109":3,"110":3,"111":3,"112":3},"branchMap":{"0":{"type":"branch","line":22,"loc":{"start":{"line":22,"column":0},"end":{"line":24,"column":1}},"locations":[{"start":{"line":22,"column":0},"end":{"line":24,"column":1}}]},"1":{"type":"branch","line":26,"loc":{"start":{"line":26,"column":0},"end":{"line":31,"column":1}},"locations":[{"start":{"line":26,"column":0},"end":{"line":31,"column":1}}]},"2":{"type":"branch","line":33,"loc":{"start":{"line":33,"column":0},"end":{"line":35,"column":1}},"locations":[{"start":{"line":33,"column":0},"end":{"line":35,"column":1}}]},"3":{"type":"branch","line":37,"loc":{"start":{"line":37,"column":0},"end":{"line":42,"column":1}},"locations":[{"start":{"line":37,"column":0},"end":{"line":42,"column":1}}]},"4":{"type":"branch","line":44,"loc":{"start":{"line":44,"column":0},"end":{"line":93,"column":1}},"locations":[{"start":{"line":44,"column":0},"end":{"line":93,"column":1}}]},"5":{"type":"branch","line":49,"loc":{"start":{"line":49,"column":26},"end":{"line":49,"column":39}},"locations":[{"start":{"line":49,"column":26},"end":{"line":49,"column":39}}]},"6":{"type":"branch","line":54,"loc":{"start":{"line":54,"column":20},"end":{"line":54,"column":48}},"locations":[{"start":{"line":54,"column":20},"end":{"line":54,"column":48}}]},"7":{"type":"branch","line":54,"loc":{"start":{"line":54,"column":48},"end":{"line":90,"column":3}},"locations":[{"start":{"line":54,"column":48},"end":{"line":90,"column":3}}]},"8":{"type":"branch","line":56,"loc":{"start":{"line":56,"column":33},"end":{"line":56,"column":51}},"locations":[{"start":{"line":56,"column":33},"end":{"line":56,"column":51}}]},"9":{"type":"branch","line":56,"loc":{"start":{"line":56,"column":41},"end":{"line":56,"column":61}},"locations":[{"start":{"line":56,"column":41},"end":{"line":56,"column":61}}]},"10":{"type":"branch","line":62,"loc":{"start":{"line":62,"column":22},"end":{"line":65,"column":11}},"locations":[{"start":{"line":62,"column":22},"end":{"line":65,"column":11}}]},"11":{"type":"branch","line":63,"loc":{"start":{"line":63,"column":85},"end":{"line":64,"column":30}},"locations":[{"start":{"line":63,"column":85},"end":{"line":64,"column":30}}]},"12":{"type":"branch","line":64,"loc":{"start":{"line":64,"column":20},"end":{"line":64,"column":44}},"locations":[{"start":{"line":64,"column":20},"end":{"line":64,"column":44}}]},"13":{"type":"branch","line":64,"loc":{"start":{"line":64,"column":35},"end":{"line":64,"column":55}},"locations":[{"start":{"line":64,"column":35},"end":{"line":64,"column":55}}]},"14":{"type":"branch","line":65,"loc":{"start":{"line":65,"column":4},"end":{"line":68,"column":5}},"locations":[{"start":{"line":65,"column":4},"end":{"line":68,"column":5}}]},"15":{"type":"branch","line":67,"loc":{"start":{"line":67,"column":20},"end":{"line":67,"column":44}},"locations":[{"start":{"line":67,"column":20},"end":{"line":67,"column":44}}]},"16":{"type":"branch","line":68,"loc":{"start":{"line":68,"column":4},"end":{"line":71,"column":29}},"locations":[{"start":{"line":68,"column":4},"end":{"line":71,"column":29}}]},"17":{"type":"branch","line":71,"loc":{"start":{"line":71,"column":29},"end":{"line":80,"column":11}},"locations":[{"start":{"line":71,"column":29},"end":{"line":80,"column":11}}]},"18":{"type":"branch","line":80,"loc":{"start":{"line":80,"column":4},"end":{"line":89,"column":5}},"locations":[{"start":{"line":80,"column":4},"end":{"line":89,"column":5}}]},"19":{"type":"branch","line":90,"loc":{"start":{"line":90,"column":2},"end":{"line":93,"column":1}},"locations":[{"start":{"line":90,"column":2},"end":{"line":93,"column":1}}]},"20":{"type":"branch","line":95,"loc":{"start":{"line":95,"column":0},"end":{"line":113,"column":1}},"locations":[{"start":{"line":95,"column":0},"end":{"line":113,"column":1}}]},"21":{"type":"branch","line":102,"loc":{"start":{"line":102,"column":3},"end":{"line":113,"column":1}},"locations":[{"start":{"line":102,"column":3},"end":{"line":113,"column":1}}]}},"b":{"0":[4],"1":[4],"2":[4],"3":[4],"4":[8],"5":[6],"6":[7],"7":[7],"8":[1],"9":[6],"10":[6],"11":[5],"12":[1],"13":[4],"14":[1],"15":[0],"16":[6],"17":[1],"18":[5],"19":[1],"20":[4],"21":[3]},"fnMap":{"0":{"name":"getAllDollars","decl":{"start":{"line":22,"column":0},"end":{"line":24,"column":1}},"loc":{"start":{"line":22,"column":0},"end":{"line":24,"column":1}},"line":22},"1":{"name":"getDollar","decl":{"start":{"line":26,"column":0},"end":{"line":31,"column":1}},"loc":{"start":{"line":26,"column":0},"end":{"line":31,"column":1}},"line":26},"2":{"name":"getAllCurrencies","decl":{"start":{"line":33,"column":0},"end":{"line":35,"column":1}},"loc":{"start":{"line":33,"column":0},"end":{"line":35,"column":1}},"line":33},"3":{"name":"getCurrency","decl":{"start":{"line":37,"column":0},"end":{"line":42,"column":1}},"loc":{"start":{"line":37,"column":0},"end":{"line":42,"column":1}},"line":37},"4":{"name":"convert","decl":{"start":{"line":44,"column":0},"end":{"line":93,"column":1}},"loc":{"start":{"line":44,"column":0},"end":{"line":93,"column":1}},"line":44},"5":{"name":"getSpread","decl":{"start":{"line":95,"column":0},"end":{"line":113,"column":1}},"loc":{"start":{"line":95,"column":0},"end":{"line":113,"column":1}},"line":95}},"f":{"0":4,"1":4,"2":4,"3":4,"4":8,"5":4}}
,"/Users/r1/claude-projects/dolar-mcp/src/client.ts": {"path":"/Users/r1/claude-projects/dolar-mcp/src/client.ts","all":false,"statementMap":{"0":{"start":{"line":1,"column":0},"end":{"line":1,"column":40}},"1":{"start":{"line":2,"column":0},"end":{"line":2,"column":0}},"2":{"start":{"line":3,"column":0},"end":{"line":3,"column":29}},"3":{"start":{"line":4,"column":0},"end":{"line":4,"column":52}},"4":{"start":{"line":5,"column":0},"end":{"line":5,"column":51}},"5":{"start":{"line":6,"column":0},"end":{"line":6,"column":20}},"6":{"start":{"line":7,"column":0},"end":{"line":7,"column":54}},"7":{"start":{"line":8,"column":0},"end":{"line":8,"column":41}},"8":{"start":{"line":9,"column":0},"end":{"line":9,"column":7}},"9":{"start":{"line":10,"column":0},"end":{"line":10,"column":18}},"10":{"start":{"line":11,"column":0},"end":{"line":11,"column":36}},"11":{"start":{"line":12,"column":0},"end":{"line":12,"column":69}},"12":{"start":{"line":13,"column":0},"end":{"line":13,"column":5}},"13":{"start":{"line":14,"column":0},"end":{"line":14,"column":36}},"14":{"start":{"line":15,"column":0},"end":{"line":15,"column":3}},"15":{"start":{"line":16,"column":0},"end":{"line":16,"column":1}}},"s":{"0":1,"1":1,"2":1,"3":1,"4":34,"5":34,"6":34,"7":34,"8":34,"9":34,"10":7,"11":7,"12":7,"13":26,"14":34,"15":1},"branchMap":{"0":{"type":"branch","line":4,"loc":{"start":{"line":4,"column":2},"end":{"line":15,"column":3}},"locations":[{"start":{"line":4,"column":2},"end":{"line":15,"column":3}}]},"1":{"type":"branch","line":10,"loc":{"start":{"line":10,"column":17},"end":{"line":13,"column":5}},"locations":[{"start":{"line":10,"column":17},"end":{"line":13,"column":5}}]},"2":{"type":"branch","line":13,"loc":{"start":{"line":13,"column":4},"end":{"line":14,"column":36}},"locations":[{"start":{"line":13,"column":4},"end":{"line":14,"column":36}}]}},"b":{"0":[34],"1":[7],"2":[26]},"fnMap":{"0":{"name":"get","decl":{"start":{"line":4,"column":2},"end":{"line":15,"column":3}},"loc":{"start":{"line":4,"column":2},"end":{"line":15,"column":3}},"line":4}},"f":{"0":34}}
,"/Users/r1/claude-projects/dolar-mcp/src/index.ts": {"path":"/Users/r1/claude-projects/dolar-mcp/src/index.ts","all":false,"statementMap":{"0":{"start":{"line":1,"column":0},"end":{"line":1,"column":45}},"1":{"start":{"line":2,"column":0},"end":{"line":2,"column":8}},"2":{"start":{"line":3,"column":0},"end":{"line":3,"column":16}},"3":{"start":{"line":4,"column":0},"end":{"line":4,"column":12}},"4":{"start":{"line":5,"column":0},"end":{"line":5,"column":19}},"5":{"start":{"line":6,"column":0},"end":{"line":6,"column":14}},"6":{"start":{"line":7,"column":0},"end":{"line":7,"column":10}},"7":{"start":{"line":8,"column":0},"end":{"line":8,"column":12}},"8":{"start":{"line":9,"column":0},"end":{"line":9,"column":22}},"9":{"start":{"line":10,"column":0},"end":{"line":10,"column":13}},"10":{"start":{"line":11,"column":0},"end":{"line":11,"column":18}},"11":{"start":{"line":12,"column":0},"end":{"line":12,"column":20}},"12":{"start":{"line":13,"column":0},"end":{"line":13,"column":16}},"13":{"start":{"line":14,"column":0},"end":{"line":14,"column":18}},"14":{"start":{"line":15,"column":0},"end":{"line":15,"column":22}},"15":{"start":{"line":16,"column":0},"end":{"line":16,"column":0}},"16":{"start":{"line":17,"column":0},"end":{"line":17,"column":36}},"17":{"start":{"line":18,"column":0},"end":{"line":18,"column":38}},"18":{"start":{"line":19,"column":0},"end":{"line":19,"column":0}},"19":{"start":{"line":20,"column":0},"end":{"line":20,"column":10}},"20":{"start":{"line":21,"column":0},"end":{"line":21,"column":12}},"21":{"start":{"line":22,"column":0},"end":{"line":22,"column":51}},"22":{"start":{"line":23,"column":0},"end":{"line":23,"column":73}},"23":{"start":{"line":24,"column":0},"end":{"line":24,"column":57}},"24":{"start":{"line":25,"column":0},"end":{"line":25,"column":79}},"25":{"start":{"line":26,"column":0},"end":{"line":26,"column":66}},"26":{"start":{"line":27,"column":0},"end":{"line":27,"column":73}},"27":{"start":{"line":28,"column":0},"end":{"line":28,"column":6}},"28":{"start":{"line":29,"column":0},"end":{"line":29,"column":4}},"29":{"start":{"line":30,"column":0},"end":{"line":30,"column":1}},"30":{"start":{"line":31,"column":0},"end":{"line":31,"column":0}},"31":{"start":{"line":32,"column":0},"end":{"line":32,"column":45}},"32":{"start":{"line":33,"column":0},"end":{"line":33,"column":8}},"33":{"start":{"line":34,"column":0},"end":{"line":34,"column":16}},"34":{"start":{"line":35,"column":0},"end":{"line":35,"column":12}},"35":{"start":{"line":36,"column":0},"end":{"line":36,"column":19}},"36":{"start":{"line":37,"column":0},"end":{"line":37,"column":14}},"37":{"start":{"line":38,"column":0},"end":{"line":38,"column":10}},"38":{"start":{"line":39,"column":0},"end":{"line":39,"column":12}},"39":{"start":{"line":40,"column":0},"end":{"line":40,"column":22}},"40":{"start":{"line":41,"column":0},"end":{"line":41,"column":13}},"41":{"start":{"line":42,"column":0},"end":{"line":42,"column":18}},"42":{"start":{"line":43,"column":0},"end":{"line":43,"column":20}},"43":{"start":{"line":44,"column":0},"end":{"line":44,"column":16}},"44":{"start":{"line":45,"column":0},"end":{"line":45,"column":18}},"45":{"start":{"line":46,"column":0},"end":{"line":46,"column":22}}},"s":{"0":1,"1":1,"2":1,"3":1,"4":1,"5":1,"6":1,"7":1,"8":1,"9":1,"10":1,"11":1,"12":1,"13":1,"14":1,"15":1,"16":1,"17":16,"18":16,"19":16,"20":16,"21":16,"22":16,"23":16,"24":16,"25":16,"26":16,"27":16,"28":16,"29":16,"30":1,"31":1,"32":1,"33":1,"34":1,"35":1,"36":1,"37":1,"38":1,"39":1,"40":1,"41":1,"42":1,"43":1,"44":1,"45":1},"branchMap":{"0":{"type":"branch","line":17,"loc":{"start":{"line":17,"column":7},"end":{"line":30,"column":1}},"locations":[{"start":{"line":17,"column":7},"end":{"line":30,"column":1}}]},"1":{"type":"branch","line":22,"loc":{"start":{"line":22,"column":23},"end":{"line":22,"column":51}},"locations":[{"start":{"line":22,"column":23},"end":{"line":22,"column":51}}]},"2":{"type":"branch","line":23,"loc":{"start":{"line":23,"column":18},"end":{"line":23,"column":73}},"locations":[{"start":{"line":23,"column":18},"end":{"line":23,"column":73}}]},"3":{"type":"branch","line":24,"loc":{"start":{"line":24,"column":26},"end":{"line":24,"column":57}},"locations":[{"start":{"line":24,"column":26},"end":{"line":24,"column":57}}]},"4":{"type":"branch","line":25,"loc":{"start":{"line":25,"column":20},"end":{"line":25,"column":79}},"locations":[{"start":{"line":25,"column":20},"end":{"line":25,"column":79}}]},"5":{"type":"branch","line":26,"loc":{"start":{"line":26,"column":15},"end":{"line":26,"column":66}},"locations":[{"start":{"line":26,"column":15},"end":{"line":26,"column":66}}]},"6":{"type":"branch","line":27,"loc":{"start":{"line":27,"column":18},"end":{"line":27,"column":73}},"locations":[{"start":{"line":27,"column":18},"end":{"line":27,"column":73}}]}},"b":{"0":[16],"1":[3],"2":[3],"3":[3],"4":[3],"5":[3],"6":[3]},"fnMap":{"0":{"name":"createDolarTools","decl":{"start":{"line":17,"column":7},"end":{"line":30,"column":1}},"loc":{"start":{"line":17,"column":7},"end":{"line":30,"column":1}},"line":17},"1":{"name":"get_all_dollars","decl":{"start":{"line":22,"column":23},"end":{"line":22,"column":51}},"loc":{"start":{"line":22,"column":23},"end":{"line":22,"column":51}},"line":22},"2":{"name":"get_dollar","decl":{"start":{"line":23,"column":18},"end":{"line":23,"column":73}},"loc":{"start":{"line":23,"column":18},"end":{"line":23,"column":73}},"line":23},"3":{"name":"get_all_currencies","decl":{"start":{"line":24,"column":26},"end":{"line":24,"column":57}},"loc":{"start":{"line":24,"column":26},"end":{"line":24,"column":57}},"line":24},"4":{"name":"get_currency","decl":{"start":{"line":25,"column":20},"end":{"line":25,"column":79}},"loc":{"start":{"line":25,"column":20},"end":{"line":25,"column":79}},"line":25},"5":{"name":"convert","decl":{"start":{"line":26,"column":15},"end":{"line":26,"column":66}},"loc":{"start":{"line":26,"column":15},"end":{"line":26,"column":66}},"line":26},"6":{"name":"get_spread","decl":{"start":{"line":27,"column":18},"end":{"line":27,"column":73}},"loc":{"start":{"line":27,"column":18},"end":{"line":27,"column":73}},"line":27}},"f":{"0":16,"1":3,"2":3,"3":3,"4":3,"5":3,"6":3}}
,"/Users/r1/claude-projects/dolar-mcp/src/mcp-server.ts": {"path":"/Users/r1/claude-projects/dolar-mcp/src/mcp-server.ts","all":false,"statementMap":{"0":{"start":{"line":1,"column":0},"end":{"line":1,"column":68}},"1":{"start":{"line":2,"column":0},"end":{"line":2,"column":24}},"2":{"start":{"line":3,"column":0},"end":{"line":3,"column":46}},"3":{"start":{"line":4,"column":0},"end":{"line":4,"column":0}},"4":{"start":{"line":5,"column":0},"end":{"line":5,"column":35}},"5":{"start":{"line":6,"column":0},"end":{"line":6,"column":39}},"6":{"start":{"line":7,"column":0},"end":{"line":7,"column":0}},"7":{"start":{"line":8,"column":0},"end":{"line":8,"column":32}},"8":{"start":{"line":9,"column":0},"end":{"line":9,"column":22}},"9":{"start":{"line":10,"column":0},"end":{"line":10,"column":21}},"10":{"start":{"line":11,"column":0},"end":{"line":11,"column":5}},"11":{"start":{"line":12,"column":0},"end":{"line":12,"column":0}},"12":{"start":{"line":13,"column":0},"end":{"line":13,"column":14}},"13":{"start":{"line":14,"column":0},"end":{"line":14,"column":22}},"14":{"start":{"line":15,"column":0},"end":{"line":15,"column":157}},"15":{"start":{"line":16,"column":0},"end":{"line":16,"column":7}},"16":{"start":{"line":17,"column":0},"end":{"line":17,"column":17}},"17":{"start":{"line":18,"column":0},"end":{"line":18,"column":11}},"18":{"start":{"line":19,"column":0},"end":{"line":19,"column":53}},"19":{"start":{"line":20,"column":0},"end":{"line":20,"column":86}},"20":{"start":{"line":21,"column":0},"end":{"line":21,"column":23}},"21":{"start":{"line":22,"column":0},"end":{"line":22,"column":79}},"22":{"start":{"line":23,"column":0},"end":{"line":23,"column":77}},"23":{"start":{"line":24,"column":0},"end":{"line":24,"column":7}},"24":{"start":{"line":25,"column":0},"end":{"line":25,"column":6}},"25":{"start":{"line":26,"column":0},"end":{"line":26,"column":4}},"26":{"start":{"line":27,"column":0},"end":{"line":27,"column":0}},"27":{"start":{"line":28,"column":0},"end":{"line":28,"column":14}},"28":{"start":{"line":29,"column":0},"end":{"line":29,"column":17}},"29":{"start":{"line":30,"column":0},"end":{"line":30,"column":117}},"30":{"start":{"line":31,"column":0},"end":{"line":31,"column":5}},"31":{"start":{"line":32,"column":0},"end":{"line":32,"column":114}},"32":{"start":{"line":33,"column":0},"end":{"line":33,"column":6}},"33":{"start":{"line":34,"column":0},"end":{"line":34,"column":23}},"34":{"start":{"line":35,"column":0},"end":{"line":35,"column":11}},"35":{"start":{"line":36,"column":0},"end":{"line":36,"column":54}},"36":{"start":{"line":37,"column":0},"end":{"line":37,"column":86}},"37":{"start":{"line":38,"column":0},"end":{"line":38,"column":23}},"38":{"start":{"line":39,"column":0},"end":{"line":39,"column":79}},"39":{"start":{"line":40,"column":0},"end":{"line":40,"column":77}},"40":{"start":{"line":41,"column":0},"end":{"line":41,"column":7}},"41":{"start":{"line":42,"column":0},"end":{"line":42,"column":6}},"42":{"start":{"line":43,"column":0},"end":{"line":43,"column":4}},"43":{"start":{"line":44,"column":0},"end":{"line":44,"column":0}},"44":{"start":{"line":45,"column":0},"end":{"line":45,"column":14}},"45":{"start":{"line":46,"column":0},"end":{"line":46,"column":25}},"46":{"start":{"line":47,"column":0},"end":{"line":47,"column":81}},"47":{"start":{"line":48,"column":0},"end":{"line":48,"column":7}},"48":{"start":{"line":49,"column":0},"end":{"line":49,"column":17}},"49":{"start":{"line":50,"column":0},"end":{"line":50,"column":11}},"50":{"start":{"line":51,"column":0},"end":{"line":51,"column":56}},"51":{"start":{"line":52,"column":0},"end":{"line":52,"column":86}},"52":{"start":{"line":53,"column":0},"end":{"line":53,"column":23}},"53":{"start":{"line":54,"column":0},"end":{"line":54,"column":79}},"54":{"start":{"line":55,"column":0},"end":{"line":55,"column":77}},"55":{"start":{"line":56,"column":0},"end":{"line":56,"column":7}},"56":{"start":{"line":57,"column":0},"end":{"line":57,"column":6}},"57":{"start":{"line":58,"column":0},"end":{"line":58,"column":4}},"58":{"start":{"line":59,"column":0},"end":{"line":59,"column":0}},"59":{"start":{"line":60,"column":0},"end":{"line":60,"column":14}},"60":{"start":{"line":61,"column":0},"end":{"line":61,"column":19}},"61":{"start":{"line":62,"column":0},"end":{"line":62,"column":64}},"62":{"start":{"line":63,"column":0},"end":{"line":63,"column":5}},"63":{"start":{"line":64,"column":0},"end":{"line":64,"column":94}},"64":{"start":{"line":65,"column":0},"end":{"line":65,"column":6}},"65":{"start":{"line":66,"column":0},"end":{"line":66,"column":23}},"66":{"start":{"line":67,"column":0},"end":{"line":67,"column":11}},"67":{"start":{"line":68,"column":0},"end":{"line":68,"column":56}},"68":{"start":{"line":69,"column":0},"end":{"line":69,"column":86}},"69":{"start":{"line":70,"column":0},"end":{"line":70,"column":23}},"70":{"start":{"line":71,"column":0},"end":{"line":71,"column":79}},"71":{"start":{"line":72,"column":0},"end":{"line":72,"column":77}},"72":{"start":{"line":73,"column":0},"end":{"line":73,"column":7}},"73":{"start":{"line":74,"column":0},"end":{"line":74,"column":6}},"74":{"start":{"line":75,"column":0},"end":{"line":75,"column":4}},"75":{"start":{"line":76,"column":0},"end":{"line":76,"column":0}},"76":{"start":{"line":77,"column":0},"end":{"line":77,"column":14}},"77":{"start":{"line":78,"column":0},"end":{"line":78,"column":14}},"78":{"start":{"line":79,"column":0},"end":{"line":79,"column":100}},"79":{"start":{"line":80,"column":0},"end":{"line":80,"column":5}},"80":{"start":{"line":81,"column":0},"end":{"line":81,"column":55}},"81":{"start":{"line":82,"column":0},"end":{"line":82,"column":90}},"82":{"start":{"line":83,"column":0},"end":{"line":83,"column":75}},"83":{"start":{"line":84,"column":0},"end":{"line":84,"column":101}},"84":{"start":{"line":85,"column":0},"end":{"line":85,"column":6}},"85":{"start":{"line":86,"column":0},"end":{"line":86,"column":23}},"86":{"start":{"line":87,"column":0},"end":{"line":87,"column":11}},"87":{"start":{"line":88,"column":0},"end":{"line":88,"column":51}},"88":{"start":{"line":89,"column":0},"end":{"line":89,"column":86}},"89":{"start":{"line":90,"column":0},"end":{"line":90,"column":23}},"90":{"start":{"line":91,"column":0},"end":{"line":91,"column":79}},"91":{"start":{"line":92,"column":0},"end":{"line":92,"column":77}},"92":{"start":{"line":93,"column":0},"end":{"line":93,"column":7}},"93":{"start":{"line":94,"column":0},"end":{"line":94,"column":6}},"94":{"start":{"line":95,"column":0},"end":{"line":95,"column":4}},"95":{"start":{"line":96,"column":0},"end":{"line":96,"column":0}},"96":{"start":{"line":97,"column":0},"end":{"line":97,"column":14}},"97":{"start":{"line":98,"column":0},"end":{"line":98,"column":17}},"98":{"start":{"line":99,"column":0},"end":{"line":99,"column":88}},"99":{"start":{"line":100,"column":0},"end":{"line":100,"column":5}},"100":{"start":{"line":101,"column":0},"end":{"line":101,"column":70}},"101":{"start":{"line":102,"column":0},"end":{"line":102,"column":68}},"102":{"start":{"line":103,"column":0},"end":{"line":103,"column":6}},"103":{"start":{"line":104,"column":0},"end":{"line":104,"column":23}},"104":{"start":{"line":105,"column":0},"end":{"line":105,"column":11}},"105":{"start":{"line":106,"column":0},"end":{"line":106,"column":54}},"106":{"start":{"line":107,"column":0},"end":{"line":107,"column":86}},"107":{"start":{"line":108,"column":0},"end":{"line":108,"column":23}},"108":{"start":{"line":109,"column":0},"end":{"line":109,"column":79}},"109":{"start":{"line":110,"column":0},"end":{"line":110,"column":77}},"110":{"start":{"line":111,"column":0},"end":{"line":111,"column":7}},"111":{"start":{"line":112,"column":0},"end":{"line":112,"column":6}},"112":{"start":{"line":113,"column":0},"end":{"line":113,"column":4}},"113":{"start":{"line":114,"column":0},"end":{"line":114,"column":0}},"114":{"start":{"line":115,"column":0},"end":{"line":115,"column":16}},"115":{"start":{"line":116,"column":0},"end":{"line":116,"column":1}}},"s":{"0":1,"1":1,"2":1,"3":1,"4":1,"5":14,"6":14,"7":14,"8":14,"9":14,"10":14,"11":14,"12":14,"13":14,"14":14,"15":14,"16":14,"17":2,"18":2,"19":1,"20":1,"21":1,"22":1,"23":1,"24":2,"25":14,"26":14,"27":14,"28":14,"29":14,"30":14,"31":14,"32":14,"33":14,"34":2,"35":2,"36":1,"37":1,"38":1,"39":1,"40":1,"41":2,"42":14,"43":14,"44":14,"45":14,"46":14,"47":14,"48":14,"49":2,"50":2,"51":1,"52":1,"53":1,"54":1,"55":1,"56":2,"57":14,"58":14,"59":14,"60":14,"61":14,"62":14,"63":14,"64":14,"65":14,"66":2,"67":2,"68":1,"69":1,"70":1,"71":1,"72":1,"73":2,"74":14,"75":14,"76":14,"77":14,"78":14,"79":14,"80":14,"81":14,"82":14,"83":14,"84":14,"85":14,"86":2,"87":2,"88":1,"89":1,"90":1,"91":1,"92":1,"93":2,"94":14,"95":14,"96":14,"97":14,"98":14,"99":14,"100":14,"101":14,"102":14,"103":14,"104":2,"105":2,"106":1,"107":1,"108":1,"109":1,"110":1,"111":2,"112":14,"113":14,"114":14,"115":14},"branchMap":{"0":{"type":"branch","line":5,"loc":{"start":{"line":5,"column":7},"end":{"line":116,"column":1}},"locations":[{"start":{"line":5,"column":7},"end":{"line":116,"column":1}}]},"1":{"type":"branch","line":17,"loc":{"start":{"line":17,"column":4},"end":{"line":25,"column":6}},"locations":[{"start":{"line":17,"column":4},"end":{"line":25,"column":6}}]},"2":{"type":"branch","line":19,"loc":{"start":{"line":19,"column":51},"end":{"line":24,"column":7}},"locations":[{"start":{"line":19,"column":51},"end":{"line":24,"column":7}}]},"3":{"type":"branch","line":22,"loc":{"start":{"line":22,"column":55},"end":{"line":22,"column":79}},"locations":[{"start":{"line":22,"column":55},"end":{"line":22,"column":79}}]},"4":{"type":"branch","line":34,"loc":{"start":{"line":34,"column":4},"end":{"line":42,"column":6}},"locations":[{"start":{"line":34,"column":4},"end":{"line":42,"column":6}}]},"5":{"type":"branch","line":36,"loc":{"start":{"line":36,"column":52},"end":{"line":41,"column":7}},"locations":[{"start":{"line":36,"column":52},"end":{"line":41,"column":7}}]},"6":{"type":"branch","line":39,"loc":{"start":{"line":39,"column":55},"end":{"line":39,"column":79}},"locations":[{"start":{"line":39,"column":55},"end":{"line":39,"column":79}}]},"7":{"type":"branch","line":49,"loc":{"start":{"line":49,"column":4},"end":{"line":57,"column":6}},"locations":[{"start":{"line":49,"column":4},"end":{"line":57,"column":6}}]},"8":{"type":"branch","line":51,"loc":{"start":{"line":51,"column":54},"end":{"line":56,"column":7}},"locations":[{"start":{"line":51,"column":54},"end":{"line":56,"column":7}}]},"9":{"type":"branch","line":54,"loc":{"start":{"line":54,"column":55},"end":{"line":54,"column":79}},"locations":[{"start":{"line":54,"column":55},"end":{"line":54,"column":79}}]},"10":{"type":"branch","line":66,"loc":{"start":{"line":66,"column":4},"end":{"line":74,"column":6}},"locations":[{"start":{"line":66,"column":4},"end":{"line":74,"column":6}}]},"11":{"type":"branch","line":68,"loc":{"start":{"line":68,"column":54},"end":{"line":73,"column":7}},"locations":[{"start":{"line":68,"column":54},"end":{"line":73,"column":7}}]},"12":{"type":"branch","line":71,"loc":{"start":{"line":71,"column":55},"end":{"line":71,"column":79}},"locations":[{"start":{"line":71,"column":55},"end":{"line":71,"column":79}}]},"13":{"type":"branch","line":86,"loc":{"start":{"line":86,"column":4},"end":{"line":94,"column":6}},"locations":[{"start":{"line":86,"column":4},"end":{"line":94,"column":6}}]},"14":{"type":"branch","line":88,"loc":{"start":{"line":88,"column":49},"end":{"line":93,"column":7}},"locations":[{"start":{"line":88,"column":49},"end":{"line":93,"column":7}}]},"15":{"type":"branch","line":91,"loc":{"start":{"line":91,"column":55},"end":{"line":91,"column":79}},"locations":[{"start":{"line":91,"column":55},"end":{"line":91,"column":79}}]},"16":{"type":"branch","line":104,"loc":{"start":{"line":104,"column":4},"end":{"line":112,"column":6}},"locations":[{"start":{"line":104,"column":4},"end":{"line":112,"column":6}}]},"17":{"type":"branch","line":106,"loc":{"start":{"line":106,"column":52},"end":{"line":111,"column":7}},"locations":[{"start":{"line":106,"column":52},"end":{"line":111,"column":7}}]},"18":{"type":"branch","line":109,"loc":{"start":{"line":109,"column":55},"end":{"line":109,"column":79}},"locations":[{"start":{"line":109,"column":55},"end":{"line":109,"column":79}}]}},"b":{"0":[14],"1":[2],"2":[1],"3":[0],"4":[2],"5":[1],"6":[0],"7":[2],"8":[1],"9":[0],"10":[2],"11":[1],"12":[0],"13":[2],"14":[1],"15":[0],"16":[2],"17":[1],"18":[0]},"fnMap":{"0":{"name":"createMcpServer","decl":{"start":{"line":5,"column":7},"end":{"line":116,"column":1}},"loc":{"start":{"line":5,"column":7},"end":{"line":116,"column":1}},"line":5}},"f":{"0":14}}
}
